\BOOKMARK [0][-]{chapter.1}{Introduction}{}% 1
\BOOKMARK [1][-]{section.1.1}{Motivation}{chapter.1}% 2
\BOOKMARK [1][-]{section.1.2}{Chapter Summary}{chapter.1}% 3
\BOOKMARK [0][-]{chapter.2}{Background and Related Work}{}% 4
\BOOKMARK [1][-]{section.2.1}{Musical Terminology}{chapter.2}% 5
\BOOKMARK [1][-]{section.2.2}{Non-musical Work in Sequence Alignment}{chapter.2}% 6
\BOOKMARK [2][-]{subsection.2.2.1}{An Overview of Sequence Alignment}{section.2.2}% 7
\BOOKMARK [3][-]{subsubsection.2.2.1.1}{Edit Distance}{subsection.2.2.1}% 8
\BOOKMARK [3][-]{subsubsection.2.2.1.2}{Alignment}{subsection.2.2.1}% 9
\BOOKMARK [2][-]{subsection.2.2.2}{Formal Definitions in Sequence Alignment}{section.2.2}% 10
\BOOKMARK [1][-]{section.2.3}{Turning Sequence Alignment into a Musical Problem}{chapter.2}% 11
\BOOKMARK [1][-]{section.2.4}{Related Work}{chapter.2}% 12
\BOOKMARK [2][-]{subsection.2.4.1}{Typke: Music Retrieval based on Melodic Similarity}{section.2.4}% 13
\BOOKMARK [2][-]{subsection.2.4.2}{Church and Cuthbert: Rhythmic Comparison and Alignment}{section.2.4}% 14
\BOOKMARK [2][-]{subsection.2.4.3}{Viro: Peachnote, Musical Score Search and Analysis and IMSLP}{section.2.4}% 15
\BOOKMARK [2][-]{subsection.2.4.4}{White: Statistical Properties of Music and MIDI}{section.2.4}% 16
\BOOKMARK [2][-]{subsection.2.4.5}{Rebelo et al: Optical Music Recognition - State-of-the-Art and Open Issues}{section.2.4}% 17
\BOOKMARK [0][-]{chapter.3}{Previous Work}{}% 18
\BOOKMARK [1][-]{section.3.1}{A Modular Universal Hasher}{chapter.3}% 19
\BOOKMARK [2][-]{subsection.3.1.1}{Why Musical Comparison and Alignment Needs a Modular Hashing Function}{section.3.1}% 20
\BOOKMARK [2][-]{subsection.3.1.2}{Previous Work on Modular Hashing Functions}{section.3.1}% 21
\BOOKMARK [2][-]{subsection.3.1.3}{Overview of System}{section.3.1}% 22
\BOOKMARK [3][-]{subsubsection.3.1.3.1}{Pre-Hashing: High Level Hasher Settings}{subsection.3.1.3}% 23
\BOOKMARK [3][-]{subsubsection.3.1.3.2}{Pre-Hashing: Low Level General Settings}{subsection.3.1.3}% 24
\BOOKMARK [3][-]{subsubsection.3.1.3.3}{Pre-Hashing: Low Level Note Settings}{subsection.3.1.3}% 25
\BOOKMARK [3][-]{subsubsection.3.1.3.4}{Pre-Hashing: Low Level Chord Hashing Settings}{subsection.3.1.3}% 26
\BOOKMARK [3][-]{subsubsection.3.1.3.5}{Hashing: hashStream, the engine}{subsection.3.1.3}% 27
\BOOKMARK [3][-]{subsubsection.3.1.3.6}{Hashing: Setting up ValidTypes and StateVars}{subsection.3.1.3}% 28
\BOOKMARK [2][-]{subsection.3.1.4}{Hashing: Preprocessing the Stream}{section.3.1}% 29
\BOOKMARK [3][-]{subsubsection.3.1.4.1}{Hashing: Creating a List of Elements to be Hashed}{subsection.3.1.4}% 30
\BOOKMARK [3][-]{subsubsection.3.1.4.2}{Hashing: Building a Set of Hashing Functions}{subsection.3.1.4}% 31
\BOOKMARK [3][-]{subsubsection.3.1.4.3}{Hashing: Creating a NoteHash for Every Element}{subsection.3.1.4}% 32
\BOOKMARK [3][-]{subsubsection.3.1.4.4}{Hashing: Building finalHash}{subsection.3.1.4}% 33
\BOOKMARK [1][-]{section.3.2}{Low-level Object Comparison Optimizations}{chapter.3}% 34
\BOOKMARK [0][-]{chapter.4}{Final Implementation}{}% 35
\BOOKMARK [1][-]{section.4.1}{OMRMIDICorrector}{chapter.4}% 36
\BOOKMARK [2][-]{subsection.4.1.1}{System Overview}{section.4.1}% 37
\BOOKMARK [3][-]{subsubsection.4.1.1.1}{processRunner: preprocessStreams}{subsection.4.1.1}% 38
\BOOKMARK [3][-]{subsubsection.4.1.1.2}{processRunner: setupHasher}{subsection.4.1.1}% 39
\BOOKMARK [3][-]{subsubsection.4.1.1.3}{processRunner: alignStreams}{subsection.4.1.1}% 40
\BOOKMARK [3][-]{subsubsection.4.1.1.4}{processRunner: fixStreams}{subsection.4.1.1}% 41
\BOOKMARK [1][-]{section.4.2}{Hasher}{chapter.4}% 42
\BOOKMARK [2][-]{subsection.4.2.1}{The Default Hasher}{section.4.2}% 43
\BOOKMARK [2][-]{subsection.4.2.2}{NoteHashWithReference}{section.4.2}% 44
\BOOKMARK [1][-]{section.4.3}{Aligner}{chapter.4}% 45
\BOOKMARK [2][-]{subsection.4.3.1}{System Overview}{section.4.3}% 46
\BOOKMARK [2][-]{subsection.4.3.2}{Producing a Global Alignment}{section.4.3}% 47
\BOOKMARK [3][-]{subsubsection.4.3.2.1}{Pre-Alignment: Setting Appropriate Parameters}{subsection.4.3.2}% 48
\BOOKMARK [3][-]{subsubsection.4.3.2.2}{Pre-Alignment: Hashing the Streams}{subsection.4.3.2}% 49
\BOOKMARK [3][-]{subsubsection.4.3.2.3}{Alignment: Initializing the Distance Matrix}{subsection.4.3.2}% 50
\BOOKMARK [3][-]{subsubsection.4.3.2.4}{Alignment: Populating the Distance Matrix}{subsection.4.3.2}% 51
\BOOKMARK [3][-]{subsubsection.4.3.2.5}{Alignment: Backtrace to Find the Best Alignment and Create the Changes List}{subsection.4.3.2}% 52
\BOOKMARK [3][-]{subsubsection.4.3.2.6}{Post-Alignment: Measures of Similarity}{subsection.4.3.2}% 53
\BOOKMARK [3][-]{subsubsection.4.3.2.7}{Post-Alignment: Visual Display of Alignment}{subsection.4.3.2}% 54
\BOOKMARK [1][-]{section.4.4}{Fixer}{chapter.4}% 55
\BOOKMARK [1][-]{section.4.5}{Tradeoffs and Design Decisions}{chapter.4}% 56
\BOOKMARK [2][-]{subsection.4.5.1}{Modularity vs. Simplicity}{section.4.5}% 57
\BOOKMARK [3][-]{subsubsection.4.5.1.1}{A Variety of Settings and a Longer Setup}{subsection.4.5.1}% 58
\BOOKMARK [3][-]{subsubsection.4.5.1.2}{Length Agnosticism}{subsection.4.5.1}% 59
\BOOKMARK [2][-]{subsection.4.5.2}{Performance vs. Space and Object Overhead}{section.4.5}% 60
\BOOKMARK [3][-]{subsubsection.4.5.2.1}{NoteHashWithReference}{subsection.4.5.2}% 61
\BOOKMARK [3][-]{subsubsection.4.5.2.2}{Creating One Hasher and Many Aligners}{subsection.4.5.2}% 62
\BOOKMARK [2][-]{subsection.4.5.3}{Manual User Input}{section.4.5}% 63
\BOOKMARK [0][-]{chapter.5}{Results and Testing}{}% 64
\BOOKMARK [1][-]{section.5.1}{An Example: Eine kleine Nachtmusik, K.525, W. A. Mozart\)}{chapter.5}% 65
\BOOKMARK [2][-]{subsection.5.1.1}{Musical Properties of K.525}{section.5.1}% 66
\BOOKMARK [3][-]{subsubsection.5.1.1.1}{Bass and Cello Doubling}{subsection.5.1.1}% 67
\BOOKMARK [3][-]{subsubsection.5.1.1.2}{Tremolos}{subsection.5.1.1}% 68
\BOOKMARK [2][-]{subsection.5.1.2}{Preparing the Raw Input}{section.5.1}% 69
\BOOKMARK [2][-]{subsection.5.1.3}{Running OMRMIDICorrector on K.525}{section.5.1}% 70
\BOOKMARK [1][-]{section.5.2}{Timing}{chapter.5}% 71
\BOOKMARK [0][-]{chapter.6}{Future Work}{}% 72
\BOOKMARK [1][-]{section.6.1}{Future Fixers}{chapter.6}% 73
\BOOKMARK [0][-]{appendix.A}{Tables}{}% 74
\BOOKMARK [0][-]{appendix.B}{Figures}{}% 75
