This is pdfTeX, Version 3.14159265-2.6-1.40.17 (TeX Live 2016) (preloaded format=pdflatex 2016.5.22)  26 MAY 2017 00:41
entering extended mode
 \write18 enabled.
 file:line:error style messages enabled.
 %&-line parsing enabled.
**main.tex
(./main.tex
LaTeX2e <2016/03/31>
Babel <3.9r> and hyphenation patterns for 83 language(s) loaded.
(./mitthesis.cls
Document Class: mitthesis 1999/10/20
\vithesis=\count79
(/usr/local/texlive/2016/texmf-dist/tex/latex/base/report.cls
Document Class: report 2014/09/29 v1.4h Standard LaTeX document class
(/usr/local/texlive/2016/texmf-dist/tex/latex/base/size12.clo
File: size12.clo 2014/09/29 v1.4h Standard LaTeX file (size option)
)
\c@part=\count80
\c@chapter=\count81
\c@section=\count82
\c@subsection=\count83
\c@subsubsection=\count84
\c@paragraph=\count85
\c@subparagraph=\count86
\c@figure=\count87
\c@table=\count88
\abovecaptionskip=\skip41
\belowcaptionskip=\skip42
\bibindent=\dimen102
)
(/usr/local/texlive/2016/texmf-dist/tex/latex/setspace/setspace.sty
Package: setspace 2011/12/19 v6.7a set line spacing
)
Thesis document copyright MIT unless otherwise (manually) specified
\@titlesupervisor=\box26
\@abstractsupervisor=\box27
\c@savepage=\count89
) (/usr/local/texlive/2016/texmf-dist/tex/latex/caption/caption.sty
Package: caption 2016/02/21 v3.3-144 Customizing captions (AR)

(/usr/local/texlive/2016/texmf-dist/tex/latex/caption/caption3.sty
Package: caption3 2016/02/04 v1.7-139 caption3 kernel (AR)
Package caption3 Info: TeX engine: e-TeX on input line 67.

(/usr/local/texlive/2016/texmf-dist/tex/latex/graphics/keyval.sty
Package: keyval 2014/10/28 v1.15 key=value parser (DPC)
\KV@toks@=\toks14
)
\captionmargin=\dimen103
\captionmargin@=\dimen104
\captionwidth=\dimen105
\caption@tempdima=\dimen106
\caption@indent=\dimen107
\caption@parindent=\dimen108
\caption@hangindent=\dimen109
)
\c@ContinuedFloat=\count90
)
(/usr/local/texlive/2016/texmf-dist/tex/latex/amsmath/amsmath.sty
Package: amsmath 2016/03/10 v2.15b AMS math features
\@mathmargin=\skip43

For additional information on amsmath, use the `?' option.
(/usr/local/texlive/2016/texmf-dist/tex/latex/amsmath/amstext.sty
Package: amstext 2000/06/29 v2.01 AMS text

(/usr/local/texlive/2016/texmf-dist/tex/latex/amsmath/amsgen.sty
File: amsgen.sty 1999/11/30 v2.0 generic functions
\@emptytoks=\toks15
\ex@=\dimen110
))
(/usr/local/texlive/2016/texmf-dist/tex/latex/amsmath/amsbsy.sty
Package: amsbsy 1999/11/29 v1.2d Bold Symbols
\pmbraise@=\dimen111
)
(/usr/local/texlive/2016/texmf-dist/tex/latex/amsmath/amsopn.sty
Package: amsopn 2016/03/08 v2.02 operator names
)
\inf@bad=\count91
LaTeX Info: Redefining \frac on input line 199.
\uproot@=\count92
\leftroot@=\count93
LaTeX Info: Redefining \overline on input line 297.
\classnum@=\count94
\DOTSCASE@=\count95
LaTeX Info: Redefining \ldots on input line 394.
LaTeX Info: Redefining \dots on input line 397.
LaTeX Info: Redefining \cdots on input line 518.
\Mathstrutbox@=\box28
\strutbox@=\box29
\big@size=\dimen112
LaTeX Font Info:    Redeclaring font encoding OML on input line 634.
LaTeX Font Info:    Redeclaring font encoding OMS on input line 635.
\macc@depth=\count96
\c@MaxMatrixCols=\count97
\dotsspace@=\muskip10
\c@parentequation=\count98
\dspbrk@lvl=\count99
\tag@help=\toks16
\row@=\count100
\column@=\count101
\maxfields@=\count102
\andhelp@=\toks17
\eqnshift@=\dimen113
\alignsep@=\dimen114
\tagshift@=\dimen115
\tagwidth@=\dimen116
\totwidth@=\dimen117
\lineht@=\dimen118
\@envbody=\toks18
\multlinegap=\skip44
\multlinetaggap=\skip45
\mathdisplay@stack=\toks19
LaTeX Info: Redefining \[ on input line 2739.
LaTeX Info: Redefining \] on input line 2740.
)
(./lgrind.sty
Package: lgrind 1997/01/30 v3.4 LGrind environment and supporting stuff
\lc@unt=\count103
\ln@xt=\count104
\LGnuminterval=\count105
\LGindent=\skip46
\LGsloppy=\skip47
\procbox=\box30
\ls@far=\box31
\tb@x=\box32
\TBw@d=\dimen119
\@ts=\dimen120
) (/usr/local/texlive/2016/texmf-dist/tex/latex/minted/minted.sty
Package: minted 2015/09/09 v2.1 Yet another Pygments shim for LaTeX

(/usr/local/texlive/2016/texmf-dist/tex/latex/oberdiek/kvoptions.sty
Package: kvoptions 2016/05/16 v3.12 Key value format for package options (HO)

(/usr/local/texlive/2016/texmf-dist/tex/generic/oberdiek/ltxcmds.sty
Package: ltxcmds 2016/05/16 v1.23 LaTeX kernel commands for general use (HO)
)
(/usr/local/texlive/2016/texmf-dist/tex/generic/oberdiek/kvsetkeys.sty
Package: kvsetkeys 2016/05/16 v1.17 Key value parser (HO)

(/usr/local/texlive/2016/texmf-dist/tex/generic/oberdiek/infwarerr.sty
Package: infwarerr 2016/05/16 v1.4 Providing info/warning/error messages (HO)
)
(/usr/local/texlive/2016/texmf-dist/tex/generic/oberdiek/etexcmds.sty
Package: etexcmds 2016/05/16 v1.6 Avoid name clashes with e-TeX commands (HO)

(/usr/local/texlive/2016/texmf-dist/tex/generic/oberdiek/ifluatex.sty
Package: ifluatex 2016/05/16 v1.4 Provides the ifluatex switch (HO)
Package ifluatex Info: LuaTeX not detected.
)
Package etexcmds Info: Could not find \expanded.
(etexcmds)             That can mean that you are not using pdfTeX 1.50 or
(etexcmds)             that some package has redefined \expanded.
(etexcmds)             In the latter case, load this package earlier.
)))
(/usr/local/texlive/2016/texmf-dist/tex/latex/fancyvrb/fancyvrb.sty
Package: fancyvrb 2008/02/07

Style option: `fancyvrb' v2.7a, with DG/SPQR fixes, and firstline=lastline fix 
<2008/02/07> (tvz)
\FV@CodeLineNo=\count106
\FV@InFile=\read1
\FV@TabBox=\box33
\c@FancyVerbLine=\count107
\FV@StepNumber=\count108
\FV@OutFile=\write3
)
(/usr/local/texlive/2016/texmf-dist/tex/latex/float/float.sty
Package: float 2001/11/08 v1.3d Float enhancements (AL)
\c@float@type=\count109
\float@exts=\toks20
\float@box=\box34
\@float@everytoks=\toks21
\@floatcapt=\box35
)
(/usr/local/texlive/2016/texmf-dist/tex/latex/base/ifthen.sty
Package: ifthen 2014/09/29 v1.1c Standard LaTeX ifthen package (DPC)
)
(/usr/local/texlive/2016/texmf-dist/tex/latex/tools/calc.sty
Package: calc 2014/10/28 v4.3 Infix arithmetic (KKT,FJ)
\calc@Acount=\count110
\calc@Bcount=\count111
\calc@Adimen=\dimen121
\calc@Bdimen=\dimen122
\calc@Askip=\skip48
\calc@Bskip=\skip49
LaTeX Info: Redefining \setlength on input line 80.
LaTeX Info: Redefining \addtolength on input line 81.
\calc@Ccount=\count112
\calc@Cskip=\skip50
)
(/usr/local/texlive/2016/texmf-dist/tex/latex/ifplatform/ifplatform.sty
Package: ifplatform 2010/10/22 v0.4 Testing for the operating system

(/usr/local/texlive/2016/texmf-dist/tex/generic/oberdiek/pdftexcmds.sty
Package: pdftexcmds 2016/05/10 v0.21 Utility functions of pdfTeX for LuaTeX (HO
)

(/usr/local/texlive/2016/texmf-dist/tex/generic/oberdiek/ifpdf.sty
Package: ifpdf 2016/05/14 v3.1 Provides the ifpdf switch
)
Package pdftexcmds Info: LuaTeX not detected.
Package pdftexcmds Info: \pdf@primitive is available.
Package pdftexcmds Info: \pdf@ifprimitive is available.
Package pdftexcmds Info: \pdfdraftmode found.
)
(/usr/local/texlive/2016/texmf-dist/tex/generic/oberdiek/catchfile.sty
Package: catchfile 2016/05/16 v1.7 Catch the contents of a file (HO)
)
runsystem(uname -s > "main.w18")...executed.


(./main.w18)
runsystem(rm -- "main.w18")...executed.

)
(/usr/local/texlive/2016/texmf-dist/tex/latex/etoolbox/etoolbox.sty
Package: etoolbox 2015/08/02 v2.2a e-TeX tools for LaTeX (JAW)
\etb@tempcnta=\count113
)
(/usr/local/texlive/2016/texmf-dist/tex/generic/xstring/xstring.sty
(/usr/local/texlive/2016/texmf-dist/tex/generic/xstring/xstring.tex
\@xs@message=\write4
\integerpart=\count114
\decimalpart=\count115
)
Package: xstring 2013/10/13  v1.7c  String manipulations (C Tellechea)
)
(/usr/local/texlive/2016/texmf-dist/tex/latex/lineno/lineno.sty
Package: lineno 2005/11/02 line numbers on paragraphs v4.41
\linenopenalty=\count116
\output=\toks22
\linenoprevgraf=\count117
\linenumbersep=\dimen123
\linenumberwidth=\dimen124
\c@linenumber=\count118
\c@pagewiselinenumber=\count119
\c@LN@truepage=\count120
\c@internallinenumber=\count121
\c@internallinenumbers=\count122
\quotelinenumbersep=\dimen125
\bframerule=\dimen126
\bframesep=\dimen127
\bframebox=\box36
LaTeX Info: Redefining \\ on input line 3056.
)
\minted@appexistsfile=\read2
\FV@BreakIndent=\dimen128
\FV@BreakSymbolSepLeft=\dimen129
\FV@BreakSymbolSepRight=\dimen130
\FV@BreakSymbolIndentLeft=\dimen131
\FV@BreakSymbolIndentRight=\dimen132
\c@FancyVerbLineBreakLast=\count123
\FV@LineBox=\box37
\FV@LineIndentBox=\box38
\minted@bgbox=\box39
\minted@code=\write5
\c@minted@FancyVerbLineTemp=\count124
\@float@every@listing=\toks23
\c@listing=\count125
)
runsystem(mkdir -p "_minted-main")...executed.


(./_minted-main/default.pygstyle)
(/usr/local/texlive/2016/texmf-dist/tex/latex/graphics/graphicx.sty
Package: graphicx 2014/10/28 v1.0g Enhanced LaTeX Graphics (DPC,SPQR)

(/usr/local/texlive/2016/texmf-dist/tex/latex/graphics/graphics.sty
Package: graphics 2016/05/09 v1.0r Standard LaTeX Graphics (DPC,SPQR)

(/usr/local/texlive/2016/texmf-dist/tex/latex/graphics/trig.sty
Package: trig 2016/01/03 v1.10 sin cos tan (DPC)
)
(/usr/local/texlive/2016/texmf-dist/tex/latex/graphics-cfg/graphics.cfg
File: graphics.cfg 2016/01/02 v1.10 sample graphics configuration
)
Package graphics Info: Driver file: pdftex.def on input line 96.

(/usr/local/texlive/2016/texmf-dist/tex/latex/pdftex-def/pdftex.def
File: pdftex.def 2011/05/27 v0.06d Graphics/color for pdfTeX
\Gread@gobject=\count126
))
\Gin@req@height=\dimen133
\Gin@req@width=\dimen134
)
(/usr/local/texlive/2016/texmf-dist/tex/latex/url/url.sty
\Urlmuskip=\muskip11
Package: url 2013/09/16  ver 3.4  Verb mode for urls, etc.
)
(/usr/local/texlive/2016/texmf-dist/tex/latex/cmap/cmap.sty
Package: cmap 2008/03/06 v1.0h CMap support: searchable PDF
)
(/usr/local/texlive/2016/texmf-dist/tex/latex/base/fontenc.sty
Package: fontenc 2005/09/27 v1.99g Standard LaTeX package

(/usr/local/texlive/2016/texmf-dist/tex/latex/base/t1enc.def
File: t1enc.def 2005/09/27 v1.99g Standard LaTeX file
LaTeX Font Info:    Redeclaring font encoding T1 on input line 48.
)<<t1.cmap>>)
(/usr/local/texlive/2016/texmf-dist/tex/latex/parskip/parskip.sty
Package: parskip 2001/04/09 non-zero parskip adjustments
)
(/usr/local/texlive/2016/texmf-dist/tex/latex/microtype/microtype.sty
Package: microtype 2016/05/14 v2.6a Micro-typographical refinements (RS)
\MT@toks=\toks24
\MT@count=\count127
LaTeX Info: Redefining \textls on input line 774.
\MT@outer@kern=\dimen135
LaTeX Info: Redefining \textmicrotypecontext on input line 1310.
\MT@listname@count=\count128

(/usr/local/texlive/2016/texmf-dist/tex/latex/microtype/microtype-pdftex.def
File: microtype-pdftex.def 2016/05/14 v2.6a Definitions specific to pdftex (RS)

LaTeX Info: Redefining \lsstyle on input line 916.
LaTeX Info: Redefining \lslig on input line 916.
\MT@outer@space=\skip51
)
Package microtype Info: Loading configuration file microtype.cfg.

(/usr/local/texlive/2016/texmf-dist/tex/latex/microtype/microtype.cfg
File: microtype.cfg 2016/05/14 v2.6a microtype main configuration file (RS)
))
(/usr/local/texlive/2016/texmf-dist/tex/generic/genmisc/nth.sty
Package: nth 2002/02/27
)
(/usr/local/texlive/2016/texmf-dist/tex/latex/xcolor/xcolor.sty
Package: xcolor 2016/05/11 v2.12 LaTeX color extensions (UK)

(/usr/local/texlive/2016/texmf-dist/tex/latex/graphics-cfg/color.cfg
File: color.cfg 2016/01/02 v1.6 sample color configuration
)
Package xcolor Info: Driver file: pdftex.def on input line 225.

(/usr/local/texlive/2016/texmf-dist/tex/latex/colortbl/colortbl.sty
Package: colortbl 2012/02/13 v1.0a Color table columns (DPC)

(/usr/local/texlive/2016/texmf-dist/tex/latex/tools/array.sty
Package: array 2014/10/28 v2.4c Tabular extension package (FMi)
\col@sep=\dimen136
\extrarowheight=\dimen137
\NC@list=\toks25
\extratabsurround=\skip52
\backup@length=\skip53
)
\everycr=\toks26
\minrowclearance=\skip54
)
\rownum=\count129
Package xcolor Info: Model `cmy' substituted by `cmy0' on input line 1348.
Package xcolor Info: Model `hsb' substituted by `rgb' on input line 1352.
Package xcolor Info: Model `RGB' extended on input line 1364.
Package xcolor Info: Model `HTML' substituted by `rgb' on input line 1366.
Package xcolor Info: Model `Hsb' substituted by `hsb' on input line 1367.
Package xcolor Info: Model `tHsb' substituted by `hsb' on input line 1368.
Package xcolor Info: Model `HSB' substituted by `hsb' on input line 1369.
Package xcolor Info: Model `Gray' substituted by `gray' on input line 1370.
Package xcolor Info: Model `wave' substituted by `hsb' on input line 1371.
)
Enter file names to process, (chap1,chap2 ...), or `all' to process all files:

\files=all
Including all files.
runsystem(which "pygmentize" && touch "main.aex")...executed.

runsystem(rm "main.aex")...executed.

(./main.aux (./cover.aux) (./contents.aux) (./chap1.aux) (./chap2.aux)
(./chap3.aux) (./chap4.aux

LaTeX Warning: Label `fixer' multiply defined.

) (./chap5.aux) (./biblio.aux))
\openout1 = `main.aux'.

LaTeX Font Info:    Checking defaults for OML/cmm/m/it on input line 60.
LaTeX Font Info:    ... okay on input line 60.
LaTeX Font Info:    Checking defaults for T1/cmr/m/n on input line 60.
LaTeX Font Info:    ... okay on input line 60.
LaTeX Font Info:    Checking defaults for OT1/cmr/m/n on input line 60.
LaTeX Font Info:    ... okay on input line 60.
LaTeX Font Info:    Checking defaults for OMS/cmsy/m/n on input line 60.
LaTeX Font Info:    ... okay on input line 60.
LaTeX Font Info:    Checking defaults for OMX/cmex/m/n on input line 60.
LaTeX Font Info:    ... okay on input line 60.
LaTeX Font Info:    Checking defaults for U/cmr/m/n on input line 60.
LaTeX Font Info:    ... okay on input line 60.
Package caption Info: Begin \AtBeginDocument code.
Package caption Info: float package is loaded.
Package caption Info: End \AtBeginDocument code.
 (./_minted-main/default-pyg-prefix.pygstyle)
(/usr/local/texlive/2016/texmf-dist/tex/context/base/mkii/supp-pdf.mkii
[Loading MPS to PDF converter (version 2006.09.02).]
\scratchcounter=\count130
\scratchdimen=\dimen138
\scratchbox=\box40
\nofMPsegments=\count131
\nofMParguments=\count132
\everyMPshowfont=\toks27
\MPscratchCnt=\count133
\MPscratchDim=\dimen139
\MPnumerator=\count134
\makeMPintoPDFobject=\count135
\everyMPtoPDFconversion=\toks28
) (/usr/local/texlive/2016/texmf-dist/tex/latex/oberdiek/epstopdf-base.sty
Package: epstopdf-base 2016/05/15 v2.6 Base part for package epstopdf

(/usr/local/texlive/2016/texmf-dist/tex/latex/oberdiek/grfext.sty
Package: grfext 2016/05/16 v1.2 Manage graphics extensions (HO)

(/usr/local/texlive/2016/texmf-dist/tex/generic/oberdiek/kvdefinekeys.sty
Package: kvdefinekeys 2016/05/16 v1.4 Define keys (HO)
))
Package grfext Info: Graphics extension search list:
(grfext)             [.png,.pdf,.jpg,.mps,.jpeg,.jbig2,.jb2,.PNG,.PDF,.JPG,.JPE
G,.JBIG2,.JB2,.eps]
(grfext)             \AppendGraphicsExtensions on input line 456.

(/usr/local/texlive/2016/texmf-dist/tex/latex/latexconfig/epstopdf-sys.cfg
File: epstopdf-sys.cfg 2010/07/13 v1.3 Configuration of (r)epstopdf for TeX Liv
e
))
LaTeX Info: Redefining \microtypecontext on input line 60.
Package microtype Info: Generating PDF output.
Package microtype Info: Character protrusion enabled (level 2).
Package microtype Info: Using default protrusion set `alltext'.
Package microtype Info: Automatic font expansion enabled (level 2),
(microtype)             stretch: 20, shrink: 20, step: 1, non-selected.
Package microtype Info: Using default expansion set `basictext'.
Package microtype Info: No adjustment of tracking.
Package microtype Info: No adjustment of interword spacing.
Package microtype Info: No adjustment of character kerning.

(/usr/local/texlive/2016/texmf-dist/tex/latex/microtype/mt-cmr.cfg
File: mt-cmr.cfg 2013/05/19 v2.2 microtype config. file: Computer Modern Roman 
(RS)
)
\openout2 = `cover.aux'.


(./cover.tex
LaTeX Font Info:    Try loading font information for OMS+cmr on input line 91.
 (/usr/local/texlive/2016/texmf-dist/tex/latex/base/omscmr.fd
File: omscmr.fd 2014/09/29 v2.5h Standard LaTeX font definitions
)
LaTeX Font Info:    Font shape `OMS/cmr/m/n' in size <14.4> not available
(Font)              Font shape `OMS/cmsy/m/n' tried instead on input line 91.
<<oms.cmap>> [1



{/usr/local/texlive/2016/texmf-var/fonts/map/pdftex/updmap/pdftex.map}] [2

] (./abstract.tex) [3

] [4

]) [5]
\openout2 = `contents.aux'.

 (./contents.tex [6



] (./main.toc<<ot1.cmap>><<oml.cmap>><<omx.cmap>> [7]
LaTeX Font Info:    Try loading font information for T1+cmtt on input line 31.

(/usr/local/texlive/2016/texmf-dist/tex/latex/base/t1cmtt.fd
File: t1cmtt.fd 2014/09/29 v2.5h Standard LaTeX font definitions
)
Package microtype Info: Loading generic settings for font family
(microtype)             `cmtt' (encoding: T1).
(microtype)             For optimal results, create family-specific settings.
(microtype)             See the microtype manual for details.
 [8]
Underfull \vbox (badness 2556) has occurred while \output is active []

 [9])
\tf@toc=\write6
\openout6 = `main.toc'.


[10] (./main.lof [11

])
\tf@lof=\write7
\openout7 = `main.lof'.

 [12] (./main.lot)
\tf@lot=\write8
\openout8 = `main.lot'.

) [13

]
\openout2 = `chap1.aux'.

 (./chap1.tex [14



]
Chapter 1.

Underfull \vbox (badness 1237) has occurred while \output is active []

 [15]
[16]) [17]
\openout2 = `chap2.aux'.

 (./chap2.tex [18



]
Chapter 2.
[19] <images/proteinalign.png, id=78, 736.7525pt x 465.74pt>
File: images/proteinalign.png Graphic file (type png)

<use images/proteinalign.png>
Package pdftex.def Info: images/proteinalign.png used on input line 27.
(pdftex.def)             Requested size: 368.37535pt x 232.86943pt.
 [20 <./images/proteinalign.png>] [21] [22]
[23]

LaTeX Warning: `!h' float specifier changed to `!ht'.

[24] [25]
Overfull \hbox (5.2528pt too wide) in paragraph at lines 206--206
[]\T1/cmr/bx/n/17.28 Turning Se-quence Align-ment into a Mu-si-cal Prob-
 []

LaTeX Font Info:    Font shape `OMS/cmr/m/n' in size <12> not available
(Font)              Font shape `OMS/cmsy/m/n' tried instead on input line 212.
[26]
Underfull \vbox (badness 10000) has occurred while \output is active []

 [27])
[28] [29]
\openout2 = `chap3.aux'.

 (./chap3.tex [30



]
Chapter 3.
[31] <images/alg.pdf, id=128, 120.45pt x 38.1425pt>
File: images/alg.pdf Graphic file (type pdf)
 <use images/alg.pdf>
Package pdftex.def Info: images/alg.pdf used on input line 20.
(pdftex.def)             Requested size: 84.3144pt x 26.69955pt.
File: images/alg.pdf Graphic file (type pdf)

<use images/alg.pdf>
Package pdftex.def Info: images/alg.pdf used on input line 29.
(pdftex.def)             Requested size: 84.3144pt x 26.69955pt.

Underfull \hbox (badness 6204) in paragraph at lines 30--30
[]\T1/cmr/bx/n/10.95 Figure 3-2: |\T1/cmr/m/n/10.95 (+20) The hash of fea-tures
 re-lated to trans-po-si-tion of this short
 []

[32 <./images/alg.pdf>] [33] [34] [35] [36]
LaTeX Font Info:    Font shape `T1/cmtt/bx/n' in size <12> not available
(Font)              Font shape `T1/cmtt/m/n' tried instead on input line 82.
 [37] [38]) [39]
\openout2 = `chap4.aux'.

 (./chap4.tex
[40



]
Chapter 4.

Overfull \hbox (3.16653pt too wide) in paragraph at lines 17--18
\T1/cmr/m/n/12 (-20) The en-tire sys-tem re-sides within the \T1/cmtt/m/n/12 OM
RMIDICorrector \T1/cmr/m/n/12 (-20) class in \T1/cmtt/m/n/12 omrMidiCorrector.p
y\T1/cmr/m/n/12 (-20) .
 []


Underfull \vbox (badness 10000) has occurred while \output is active []

 [41]
<images/sysdiag10.png, id=166, 704.6325pt x 595.22375pt>
File: images/sysdiag10.png Graphic file (type png)

<use images/sysdiag10.png>
Package pdftex.def Info: images/sysdiag10.png used on input line 21.
(pdftex.def)             Requested size: 433.62pt x 366.29204pt.
 [42 <./images/sysdiag10.png>]
<images/omrmidisheets2.png, id=172, 413.545pt x 237.88875pt>
File: images/omrmidisheets2.png Graphic file (type png)

<use images/omrmidisheets2.png>
Package pdftex.def Info: images/omrmidisheets2.png used on input line 34.
(pdftex.def)             Requested size: 216.81pt x 124.71922pt.

<images/badalignstream2.png, id=173, 691.58376pt x 89.33376pt>
File: images/badalignstream2.png Graphic file (type png)

<use images/badalignstream2.png>
Package pdftex.def Info: images/badalignstream2.png used on input line 37.
(pdftex.def)             Requested size: 390.25534pt x 50.41095pt.

<images/goodalignstream.png, id=174, 203.76125pt x 320.19624pt>
File: images/goodalignstream.png Graphic file (type png)

<use images/goodalignstream.png>
Package pdftex.def Info: images/goodalignstream.png used on input line 40.
(pdftex.def)             Requested size: 108.405pt x 170.353pt.


LaTeX Warning: `!h' float specifier changed to `!ht'.

[43] [44 <./images/omrmidisheets2.png> <./images/badalignstream2.png> <./images
/goodalignstream.png>] [45] [46]
Underfull \vbox (badness 10000) has occurred while \output is active []

 [47]
Underfull \vbox (badness 2469) has occurred while \output is active []

 [48]
[49] [50]
Underfull \vbox (badness 10000) has occurred while \output is active []

 [51]
[52] <images/K525_I_MIDI_Violin_2-1.png, id=212, 597.432pt x 845.0772pt>
File: images/K525_I_MIDI_Violin_2-1.png Graphic file (type png)

<use images/K525_I_MIDI_Violin_2-1.png>
Package pdftex.def Info: images/K525_I_MIDI_Violin_2-1.png used on input line 1
69.
(pdftex.def)             Requested size: 411.93767pt x 582.70416pt.
 [53]
<images/K525_I_OMR_Violin_2-1.png, id=216, 597.432pt x 845.0772pt>
File: images/K525_I_OMR_Violin_2-1.png Graphic file (type png)

<use images/K525_I_OMR_Violin_2-1.png>
Package pdftex.def Info: images/K525_I_OMR_Violin_2-1.png used on input line 17
5.
(pdftex.def)             Requested size: 411.93767pt x 582.70416pt.

Underfull \vbox (badness 10000) has occurred while \output is active []

 [54 <./images/K525_I_MIDI_Violin_2-1.png>] [55 <./images/K525_I_OMR_Violin_2-1
.png>]
[56] [57]
Overfull \hbox (5.01344pt too wide) in paragraph at lines 210--211
\T1/cmr/m/n/12 (-20) Streams and the el-e-ments they con-tain are com-plex ob-j
ects, so \T1/cmtt/m/n/12 NoteHashWithReference
 []

[58]) [59]
\openout2 = `chap5.aux'.

 (./chap5.tex [60



]
Chapter 5.
<images/k525originalomrscan.png, id=241, 734.745pt x 842.14626pt>
File: images/k525originalomrscan.png Graphic file (type png)

<use images/k525originalomrscan.png>
Package pdftex.def Info: images/k525originalomrscan.png used on input line 15.
(pdftex.def)             Requested size: 390.25534pt x 447.312pt.

Underfull \vbox (badness 10000) has occurred while \output is active []

 [61]
Underfull \vbox (badness 10000) has occurred while \output is active []

 [62 <./images/k525originalomrscan.png>] [63]
\openout3 = `main.pyg'.

runsystem(pygmentize -l python -f latex -P commandprefix=PYG -F tokenmerge -o "
_minted-main/3A9C90600E9E6844DE68C9623ECD981B7BC9F1650E5147204109012551E408CD.p
ygtex" "main.pyg" )...executed.


(./_minted-main/3A9C90600E9E6844DE68C9623ECD981B7BC9F1650E5147204109012551E408C
D.pygtex)
LaTeX Font Info:    Font shape `T1/cmtt/bx/n' in size <14.4> not available
(Font)              Font shape `T1/cmtt/m/n' tried instead on input line 43.
\openout3 = `main.pyg'.

runsystem(pygmentize -l python -f latex -P commandprefix=PYG -F tokenmerge -o "
_minted-main/E91C79C853DD9D25DB9A63C8763612357BC9F1650E5147204109012551E408CD.p
ygtex" "main.pyg" )...executed.


(./_minted-main/E91C79C853DD9D25DB9A63C8763612357BC9F1650E5147204109012551E408C
D.pygtex) <images/K525_I_MIDI_Violin_1-1.png, id=253, 597.432pt x 845.0772pt>
File: images/K525_I_MIDI_Violin_1-1.png Graphic file (type png)

<use images/K525_I_MIDI_Violin_1-1.png>
Package pdftex.def Info: images/K525_I_MIDI_Violin_1-1.png used on input line 5
8.
(pdftex.def)             Requested size: 390.25534pt x 552.04027pt.
 [64]
<images/K525_I_OMR_Violin_1-1.png, id=258, 597.432pt x 845.0772pt>
File: images/K525_I_OMR_Violin_1-1.png Graphic file (type png)

<use images/K525_I_OMR_Violin_1-1.png>
Package pdftex.def Info: images/K525_I_OMR_Violin_1-1.png used on input line 64
.
(pdftex.def)             Requested size: 411.93767pt x 582.70416pt.

Underfull \vbox (badness 10000) has occurred while \output is active []

 [65 <./images/K525_I_MIDI_Violin_1-1.png>]
File: images/K525_I_MIDI_Violin_2-1.png Graphic file (type png)
 <use images/K525_I_MIDI_Violin_2-1.png>
Package pdftex.def Info: images/K525_I_MIDI_Violin_2-1.png used on input line 7
0.
(pdftex.def)             Requested size: 411.93767pt x 582.70416pt.

Underfull \vbox (badness 10000) has occurred while \output is active []

 [66 <./images/K525_I_OMR_Violin_1-1.png>]
File: images/K525_I_OMR_Violin_2-1.png Graphic file (type png)
 <use images/K525_I_OMR_Violin_2-1.png>
Package pdftex.def Info: images/K525_I_OMR_Violin_2-1.png used on input line 76
.
(pdftex.def)             Requested size: 411.93767pt x 582.70416pt.

Underfull \vbox (badness 10000) has occurred while \output is active []

 [67]
<images/K525_I_MIDI_Viola-1.png, id=271, 597.432pt x 845.0772pt>
File: images/K525_I_MIDI_Viola-1.png Graphic file (type png)

<use images/K525_I_MIDI_Viola-1.png>
Package pdftex.def Info: images/K525_I_MIDI_Viola-1.png used on input line 82.
(pdftex.def)             Requested size: 411.93767pt x 582.70416pt.

Underfull \vbox (badness 10000) has occurred while \output is active []

 [68]
<images/K525_I_OMR_Viola-1.png, id=275, 597.432pt x 845.0772pt>
File: images/K525_I_OMR_Viola-1.png Graphic file (type png)

<use images/K525_I_OMR_Viola-1.png>
Package pdftex.def Info: images/K525_I_OMR_Viola-1.png used on input line 88.
(pdftex.def)             Requested size: 411.93767pt x 582.70416pt.

Underfull \vbox (badness 10000) has occurred while \output is active []

 [69 <./images/K525_I_MIDI_Viola-1.png>]
<images/K525_I_MIDI_Cello-1.png, id=280, 597.432pt x 845.0772pt>
File: images/K525_I_MIDI_Cello-1.png Graphic file (type png)

<use images/K525_I_MIDI_Cello-1.png>
Package pdftex.def Info: images/K525_I_MIDI_Cello-1.png used on input line 94.
(pdftex.def)             Requested size: 411.93767pt x 582.70416pt.

Underfull \vbox (badness 10000) has occurred while \output is active []

 [70 <./images/K525_I_OMR_Viola-1.png>]
<images/K525_I_OMR_Cello-1.png, id=285, 597.432pt x 845.0772pt>
File: images/K525_I_OMR_Cello-1.png Graphic file (type png)

<use images/K525_I_OMR_Cello-1.png>
Package pdftex.def Info: images/K525_I_OMR_Cello-1.png used on input line 100.
(pdftex.def)             Requested size: 411.93767pt x 582.70416pt.

Underfull \vbox (badness 10000) has occurred while \output is active []

 [71 <./images/K525_I_MIDI_Cello-1.png>]
Underfull \vbox (badness 10000) has occurred while \output is active []

 [72 <./images/K525_I_OMR_Cello-1.png>] [73]
\openout3 = `main.pyg'.

runsystem(pygmentize -l python -f latex -P commandprefix=PYG -F tokenmerge -o "
_minted-main/BA45B34B868B7154811B650EF5A85CB87BC9F1650E5147204109012551E408CD.p
ygtex" "main.pyg" )...executed.


(./_minted-main/BA45B34B868B7154811B650EF5A85CB87BC9F1650E5147204109012551E408C
D.pygtex [74])
<images/K160_MIDI_Violin_1-1.png, id=302, 597.432pt x 845.0772pt>
File: images/K160_MIDI_Violin_1-1.png Graphic file (type png)

<use images/K160_MIDI_Violin_1-1.png>
Package pdftex.def Info: images/K160_MIDI_Violin_1-1.png used on input line 158
.
(pdftex.def)             Requested size: 411.93767pt x 582.70416pt.

Underfull \vbox (badness 10000) has occurred while \output is active []

 [75]
<images/K160_OMR_Violin_1-1.png, id=306, 597.432pt x 845.0772pt>
File: images/K160_OMR_Violin_1-1.png Graphic file (type png)

<use images/K160_OMR_Violin_1-1.png>
Package pdftex.def Info: images/K160_OMR_Violin_1-1.png used on input line 165.

(pdftex.def)             Requested size: 411.93767pt x 582.70416pt.

Underfull \vbox (badness 10000) has occurred while \output is active []

 [76 <./images/K160_MIDI_Violin_1-1.png>]
<images/K160_Violin_1_Part_OMR_Enharmonic_Fixer-1.png, id=311, 597.432pt x 845.
0772pt>
File: images/K160_Violin_1_Part_OMR_Enharmonic_Fixer-1.png Graphic file (type p
ng)
 <use images/K160_Violin_1_Part_OMR_Enharmonic_Fixer-1.png>
Package pdftex.def Info: images/K160_Violin_1_Part_OMR_Enharmonic_Fixer-1.png u
sed on input line 172.
(pdftex.def)             Requested size: 411.93767pt x 582.70416pt.

Underfull \vbox (badness 10000) has occurred while \output is active []

 [77 <./images/K160_OMR_Violin_1-1.png>]
Underfull \vbox (badness 10000) has occurred while \output is active []

 [78 <./images/K160_Violin_1_Part_OMR_Enharmonic_Fixer-1.png>]
Overfull \hbox (48.35526pt too wide) in paragraph at lines 186--187
\T1/cmr/m/n/12 (-20) Setup of the \T1/cmtt/m/n/12 Hasher \T1/cmr/m/n/12 (-20) o
b-ject is in $\OML/cmm/m/it/12 O\OT1/cmr/m/n/12 (-20) (\OML/cmm/m/it/12 n\OT1/c
mr/m/n/12 (-20) )$ \T1/cmr/m/n/12 (-20) time, dom-i-nated by build-ing the list
 \T1/cmtt/m/n/12 finalEltsToBeHashed
 []

[79] [80] [81]

LaTeX Warning: Citation `seqalign' on page 82 undefined on input line 223.

) [82] [83]
\openout2 = `biblio.aux'.

 (./biblio.tex (./main.bbl [84



]
Underfull \hbox (badness 10000) in paragraph at lines 35--40
[]\T1/cmr/m/n/12 (+20) Wolfgang Amadeus Mozart.  Eine kleine nacht-musik, k. 52
5.
 []


Underfull \hbox (badness 10000) in paragraph at lines 35--40
\T1/cmtt/m/n/12 http : / / ks . petruccimusiclibrary . org / files / imglnks / 
usimg / 5 / 57 /
 []


Underfull \hbox (badness 1394) in paragraph at lines 35--40
\T1/cmtt/m/n/12 IMSLP01776-[]Mozart _ EineKleineNachtmusik _ Score . pdf$\T1/cm
r/m/n/12 (+20) .  Ac-cessed: 2017-
 []


Underfull \hbox (badness 10000) in paragraph at lines 42--47
\T1/cmtt/m/n/12 http : / / ks . petruccimusiclibrary . org / files / imglnks / 
usimg / f / f1 /
 []


Underfull \hbox (badness 10000) in paragraph at lines 42--47
\T1/cmtt/m/n/12 IMSLP64127-[]PMLP05214-[]Mozart _ Werke _ Breitkopf _ Serie _ 1
4 _ KV160 . pdf$\T1/cmr/m/n/12 (+20) .
 []


Underfull \hbox (badness 6204) in paragraph at lines 55--59
[]\T1/cmr/m/n/12 (+20) An ex-cerpt of a mul-ti-ple se-quence align-ment of tmem
66 pro-teins.
 []


Underfull \hbox (badness 10000) in paragraph at lines 55--59
\T1/cmtt/m/n/12 https : / / commons . wikimedia . org / wiki / File : An _ exce
rpt _ of _ a _ multiple _
 []

[85])) [86]
runsystem(rm "main.pyg")...executed.

 (./main.aux (./cover.aux) (./contents.aux) (./chap1.aux)
(./chap2.aux) (./chap3.aux) (./chap4.aux) (./chap5.aux) (./biblio.aux))

LaTeX Warning: There were undefined references.


LaTeX Warning: There were multiply-defined labels.

 ) 
Here is how much of TeX's memory you used:
 8715 strings out of 493014
 143328 string characters out of 6133351
 285319 words of memory out of 5000000
 11809 multiletter control sequences out of 15000+600000
 26721 words of font info for 122 fonts, out of 8000000 for 9000
 1141 hyphenation exceptions out of 8191
 41i,17n,42p,1110b,390s stack positions out of 5000i,500n,10000p,200000b,80000s
{/usr/local/texlive/2016/texmf-dist/fonts/enc/dvips/cm-super/cm-super-t1.enc}
</usr/local/texlive/2016/texmf-dist/fonts/type1/public/amsfonts/cm/cmex10.pfb><
/usr/local/texlive/2016/texmf-dist/fonts/type1/public/amsfonts/cm/cmmi12.pfb></
usr/local/texlive/2016/texmf-dist/fonts/type1/public/amsfonts/cm/cmmi8.pfb></us
r/local/texlive/2016/texmf-dist/fonts/type1/public/amsfonts/cm/cmr12.pfb></usr/
local/texlive/2016/texmf-dist/fonts/type1/public/amsfonts/cm/cmr8.pfb></usr/loc
al/texlive/2016/texmf-dist/fonts/type1/public/amsfonts/cm/cmsy10.pfb></usr/loca
l/texlive/2016/texmf-dist/fonts/type1/public/cm-super/sfbx1095.pfb></usr/local/
texlive/2016/texmf-dist/fonts/type1/public/cm-super/sfbx1200.pfb></usr/local/te
xlive/2016/texmf-dist/fonts/type1/public/cm-super/sfbx1440.pfb></usr/local/texl
ive/2016/texmf-dist/fonts/type1/public/cm-super/sfbx1728.pfb></usr/local/texliv
e/2016/texmf-dist/fonts/type1/public/cm-super/sfbx2488.pfb></usr/local/texlive/
2016/texmf-dist/fonts/type1/public/cm-super/sfit1200.pfb></usr/local/texlive/20
16/texmf-dist/fonts/type1/public/cm-super/sfrm0700.pfb></usr/local/texlive/2016
/texmf-dist/fonts/type1/public/cm-super/sfrm0800.pfb></usr/local/texlive/2016/t
exmf-dist/fonts/type1/public/cm-super/sfrm1000.pfb></usr/local/texlive/2016/tex
mf-dist/fonts/type1/public/cm-super/sfrm1095.pfb></usr/local/texlive/2016/texmf
-dist/fonts/type1/public/cm-super/sfrm1200.pfb></usr/local/texlive/2016/texmf-d
ist/fonts/type1/public/cm-super/sfrm1440.pfb></usr/local/texlive/2016/texmf-dis
t/fonts/type1/public/cm-super/sfrm1728.pfb></usr/local/texlive/2016/texmf-dist/
fonts/type1/public/cm-super/sfti1095.pfb></usr/local/texlive/2016/texmf-dist/fo
nts/type1/public/cm-super/sfti1200.pfb></usr/local/texlive/2016/texmf-dist/font
s/type1/public/cm-super/sftt1095.pfb></usr/local/texlive/2016/texmf-dist/fonts/
type1/public/cm-super/sftt1200.pfb></usr/local/texlive/2016/texmf-dist/fonts/ty
pe1/public/cm-super/sftt1440.pfb>
Output written on main.pdf (86 pages, 2884170 bytes).
PDF statistics:
 426 PDF objects out of 1000 (max. 8388607)
 271 compressed objects within 3 object streams
 0 named destinations out of 1000 (max. 500000)
 26735 words of extra memory for PDF output out of 29859 (max. 10000000)

